<?xml version="1.0" encoding="UTF-8"?>
<!-- Generated by org.testng.reporters.JUnitReportReporter -->
<testsuite hostname="VINAY" failures="0" tests="2" name="mytest.Program1" time="54.563" errors="0" timestamp="2024-10-15T09:22:34 IST" skipped="0">
  <testcase classname="mytest.Program1" name="verifyTitle" time="31.276"/>
  <system-out/>
  <testcase classname="mytest.Program1" name="verifyLogo" time="23.287"/>
  <system-out/>
</testsuite> <!-- mytest.Program1 -->
